********************************************************************************
DUPLICATOR-LITE PACKAGE-LOG: December 24, 2020 4:50 pm
NOTICE: Do NOT post to public sites or forums 
********************************************************************************
VERSION:	1.3.40.1
WORDPRESS:	5.5.3
PHP INFO:	7.4.3 | SAPI: apache2handler
SERVER:		Apache/2.4.41 (Ubuntu) 
PHP TIME LIMIT: (0) no time limit imposed 
PHP MAX MEMORY: 4294967296 (128M default) 
MEMORY STACK: 2MB

********************************************************************************
DATABASE:
********************************************************************************
BUILD MODE:   MYSQLDUMP
MYSQLTIMEOUT: 5000
MYSQLDUMP:    Is Supported
SQL CREATED: 20201224_chemicalindustries_eae26e706d92dd9c7689_20201224165005_database.sql
SQL FILE SIZE: 7.79MB (8170516)
SQL FILE TIME: 2020-12-24 16:50:42
SQL RUNTIME: 0.94 sec.

********************************************************************************
ARCHIVE (ZIP):
********************************************************************************
ARCHIVE DIR:  /var/www/html
ARCHIVE FILE: 20201224_chemicalindustries_eae26e706d92dd9c7689_20201224165005_archive.zip
FILTERS: *OFF*
DIRS:
	not set
FILES:
	not set
EXTS:  not set
----------------------------------------
COMPRESSING
SIZE:	179.93MB
STATS:	Dirs 1,762 | Files 11,079
SQL ADDED: 20201224_chemicalindustries_eae26e706d92dd9c7689_20201224165005_database.sql
ZipArchive Object
(
    [status] => 0
    [statusSys] => 0
    [numFiles] => 12841
    [filename] => /var/www/html/wp-content/backups-dup-lite/tmp/20201224_chemicalindustries_eae26e706d92dd9c7689_20201224165005_archive.zip
    [comment] => 
)

FILE ADDED TO ZIP: 12840
COMPRESSION RESULT: '1'
COMPRESSED SIZE: 84.02MB
ARCHIVE RUNTIME: 21.16 sec.
MEMORY STACK: 6MB
building installer
add_extra_files1
add_extra_files2
add_extra_files3
add_extra_files4
Doing archive file check
add_extra_files5
add_extra_files6
add_extra_files8
Successfully opened zip /var/www/html/wp-content/backups-dup-lite/tmp/20201224_chemicalindustries_eae26e706d92dd9c7689_20201224165005_archive.zip
Adding enhanced installer files to archive using ZipArchive
Installer files added to archive
Added to archive
After ziparchive close when adding installer

********************************************************************************
INTEGRITY CHECKS:
********************************************************************************
SQL FILE: 7.79MB
INSTALLER FILE: 61.3KB
ARCHIVE FILE: 85.57MB 
EXPECTED FILE/DIRECTORY COUNT: 12,841
ACTUAL FILE/DIRECTORY COUNT: 12,840
ARCHIVE CONSISTENCY TEST: Pass

********************************************************************************
RECORD ID:[1]
TOTAL PROCESS RUNTIME: 24.19 sec.
PEAK PHP MEMORY USED: 8MB
DONE PROCESSING => 20201224_chemicalindustries December 24, 2020 4:51 pm

